[35m[1mConsolidate compiler generated dependencies of target navigation[0m
[ 12%] [32mBuilding CXX object CMakeFiles/navigation.dir/src/PotentialField.cpp.o[0m
[01m[K/home/eb/ros2_ws/src/tp1/src/PotentialField.cpp:[m[K In function ‚Äò[01m[Kvoid* potentialFieldThreadFunction(void*)[m[K‚Äô:
[01m[K/home/eb/ros2_ws/src/tp1/src/PotentialField.cpp:83:42:[m[K [01;35m[Kwarning: [m[Kunused parameter ‚Äò[01m[Karg[m[K‚Äô [[01;35m[K]8;;https://gcc.gnu.org/onlinedocs/gcc/Warning-Options.html#index-Wunused-parameter-Wunused-parameter]8;;[m[K]
   83 | void* potentialFieldThreadFunction([01;35m[Kvoid* arg[m[K) {
      |                                    [01;35m[K~~~~~~^~~[m[K
[ 25%] [32m[1mLinking CXX executable navigation[0m
/usr/bin/ld: CMakeFiles/navigation.dir/src/Graph.cpp.o: aviso: relocaliza√ß√£o contra "campoPotencial" em sec√ß√£o s√≥ de leitura ".text"
/usr/bin/ld: CMakeFiles/navigation.dir/src/Action.cpp.o: na fun√ß√£o "yawGradiente(std::vector<std::vector<float, std::allocator<float> >, std::allocator<std::vector<float, std::allocator<float> > > > const&, float, float)":
Action.cpp:(.text+0x69): refer√™ncia n√£o definida para "campoPotencial"
/usr/bin/ld: Action.cpp:(.text+0x95): refer√™ncia n√£o definida para "campoPotencial"
/usr/bin/ld: CMakeFiles/navigation.dir/src/Action.cpp.o: na fun√ß√£o "Action::testMode(std::vector<float, std::allocator<float> >, std::vector<float, std::allocator<float> >, std::vector<float, std::allocator<float> >)":
Action.cpp:(.text+0xe06): refer√™ncia n√£o definida para "campoPotencial"
/usr/bin/ld: CMakeFiles/navigation.dir/src/Graph.cpp.o: na fun√ß√£o "desenhaCampoPotencial(GLFWwindow*)":
Graph.cpp:(.text+0xca3): refer√™ncia n√£o definida para "campoPotencial"
/usr/bin/ld: Graph.cpp:(.text+0xe5c): refer√™ncia n√£o definida para "campoPotencial"
/usr/bin/ld: CMakeFiles/navigation.dir/src/Graph.cpp.o:Graph.cpp:(.text+0xe87): mais refer√™ncias n√£o definidas para "campoPotencial" seguir
/usr/bin/ld: aviso: a criar DT_TEXTREL num PIE.
collect2: error: ld returned 1 exit status
gmake[2]: *** [CMakeFiles/navigation.dir/build.make:311: navigation] Erro 1
gmake[1]: *** [CMakeFiles/Makefile2:137: CMakeFiles/navigation.dir/all] Erro 2
gmake: *** [Makefile:146: all] Erro 2
