[0.009s] Invoking command in '/home/eb/ros2_ws/build/tp1': CMAKE_PREFIX_PATH=${CMAKE_PREFIX_PATH}:/opt/ros/humble /usr/bin/cmake --build /home/eb/ros2_ws/build/tp1 -- -j12 -l12
[0.043s] [35m[1mConsolidate compiler generated dependencies of target navigation[0m
[0.059s] [ 14%] [32mBuilding CXX object CMakeFiles/navigation.dir/src/Action.cpp.o[0m
[0.570s] [01m[K/home/eb/ros2_ws/src/tp1/src/Action.cpp:[m[K In member function â€˜[01m[Kvoid Action::avoidObstacles(std::vector<float>, std::vector<float>)[m[Kâ€™:
[0.570s] [01m[K/home/eb/ros2_ws/src/tp1/src/Action.cpp:19:54:[m[K [01;35m[Kwarning: [m[Kunused parameter â€˜[01m[Klasers[m[Kâ€™ [[01;35m[K]8;;https://gcc.gnu.org/onlinedocs/gcc/Warning-Options.html#index-Wunused-parameter-Wunused-parameter]8;;[m[K]
[0.570s]    19 | void Action::avoidObstacles([01;35m[Kconst std::vector<float> lasers[m[K, const std::vector<float> sonars)
[0.570s]       |                             [01;35m[K~~~~~~~~~~~~~~~~~~~~~~~~~^~~~~~[m[K
[0.570s] [01m[K/home/eb/ros2_ws/src/tp1/src/Action.cpp:[m[K In member function â€˜[01m[Kvoid Action::keepAsFarthestAsPossibleFromWalls(std::vector<float>, std::vector<float>)[m[Kâ€™:
[0.570s] [01m[K/home/eb/ros2_ws/src/tp1/src/Action.cpp:56:67:[m[K [01;35m[Kwarning: [m[Kunused parameter â€˜[01m[Klasers[m[Kâ€™ [[01;35m[K]8;;https://gcc.gnu.org/onlinedocs/gcc/Warning-Options.html#index-Wunused-parameter-Wunused-parameter]8;;[m[K]
[0.570s]    56 | void Action::keepAsFarthestAsPossibleFromWalls([01;35m[Kstd::vector<float> lasers[m[K, std::vector<float> sonars)
[0.570s]       |                                                [01;35m[K~~~~~~~~~~~~~~~~~~~^~~~~~[m[K
[0.571s] [01m[K/home/eb/ros2_ws/src/tp1/src/Action.cpp:[m[K In member function â€˜[01m[Kvoid Action::keepAsCloseAsPossibleToTheWalls(std::vector<float>, std::vector<float>)[m[Kâ€™:
[0.571s] [01m[K/home/eb/ros2_ws/src/tp1/src/Action.cpp:110:11:[m[K [01;35m[Kwarning: [m[Kunused variable â€˜[01m[KfrontRight[m[Kâ€™ [[01;35m[K]8;;https://gcc.gnu.org/onlinedocs/gcc/Warning-Options.html#index-Wunused-variable-Wunused-variable]8;;[m[K]
[0.571s]   110 |     float [01;35m[KfrontRight[m[K = sonars[4];
[0.571s]       |           [01;35m[K^~~~~~~~~~[m[K
[0.571s] [01m[K/home/eb/ros2_ws/src/tp1/src/Action.cpp:113:11:[m[K [01;35m[Kwarning: [m[Kunused variable â€˜[01m[KsideRight[m[Kâ€™ [[01;35m[K]8;;https://gcc.gnu.org/onlinedocs/gcc/Warning-Options.html#index-Wunused-variable-Wunused-variable]8;;[m[K]
[0.571s]   113 |     float [01;35m[KsideRight[m[K = (sonars[6] + sonars[7]) / 2.0;
[0.571s]       |           [01;35m[K^~~~~~~~~[m[K
[0.571s] [01m[K/home/eb/ros2_ws/src/tp1/src/Action.cpp:100:65:[m[K [01;35m[Kwarning: [m[Kunused parameter â€˜[01m[Klasers[m[Kâ€™ [[01;35m[K]8;;https://gcc.gnu.org/onlinedocs/gcc/Warning-Options.html#index-Wunused-parameter-Wunused-parameter]8;;[m[K]
[0.571s]   100 | void Action::keepAsCloseAsPossibleToTheWalls([01;35m[Kstd::vector<float> lasers[m[K, std::vector<float> sonars)
[0.571s]       |                                              [01;35m[K~~~~~~~~~~~~~~~~~~~^~~~~~[m[K
[0.576s] [01m[K/home/eb/ros2_ws/src/tp1/src/Action.cpp:[m[K In member function â€˜[01m[Kvoid Action::navigateWithHarmonicField()[m[Kâ€™:
[0.576s] [01m[K/home/eb/ros2_ws/src/tp1/src/Action.cpp:247:33:[m[K [01;31m[Kerror: [m[Kâ€˜[01m[KroboPosicao[m[Kâ€™ was not declared in this scope
[0.576s]   247 |             himmMap_.updateHIMM([01;31m[KroboPosicao[m[K.x, roboPosicao.y, roboPosicao.theta, sonars[i]);
[0.576s]       |                                 [01;31m[K^~~~~~~~~~~[m[K
[0.668s] gmake[2]: *** [CMakeFiles/navigation.dir/build.make:90: CMakeFiles/navigation.dir/src/Action.cpp.o] Erro 1
[0.668s] gmake[1]: *** [CMakeFiles/Makefile2:137: CMakeFiles/navigation.dir/all] Erro 2
[0.669s] gmake: *** [Makefile:146: all] Erro 2
[0.670s] Invoked command in '/home/eb/ros2_ws/build/tp1' returned '2': CMAKE_PREFIX_PATH=${CMAKE_PREFIX_PATH}:/opt/ros/humble /usr/bin/cmake --build /home/eb/ros2_ws/build/tp1 -- -j12 -l12
