[35m[1mConsolidate compiler generated dependencies of target navigation[0m
[ 28%] [32mBuilding CXX object CMakeFiles/navigation.dir/src/HimmMap.cpp.o[0m
[ 28%] [32mBuilding CXX object CMakeFiles/navigation.dir/src/HarmonicField.cpp.o[0m
[01m[K/home/eb/ros2_ws/src/tp1/src/HarmonicField.cpp:[m[K In member function â€˜[01m[Kvoid HarmonicField::initializeFromHimm(const HimmMap&)[m[Kâ€™:
[01m[K/home/eb/ros2_ws/src/tp1/src/HarmonicField.cpp:17:29:[m[K [01;31m[Kerror: [m[Kâ€˜[01m[Kconst class HimmMap[m[Kâ€™ has no member named â€˜[01m[KgetCell[m[Kâ€™
   17 |             int value = map.[01;31m[KgetCell[m[K(x, y);
      |                             [01;31m[K^~~~~~~[m[K
gmake[2]: *** [CMakeFiles/navigation.dir/build.make:146: CMakeFiles/navigation.dir/src/HarmonicField.cpp.o] Erro 1
gmake[2]: ** Esperando que outros processos terminem.
[01m[K/home/eb/ros2_ws/src/tp1/src/HimmMap.cpp:24:5:[m[K [01;31m[Kerror: [m[Kno declaration matches â€˜[01m[Kint HimmMap::getCell(int, int) const[m[Kâ€™
   24 | int [01;31m[KHimmMap[m[K::getCell(int x, int y) const
      |     [01;31m[K^~~~~~~[m[K
[01m[K/home/eb/ros2_ws/src/tp1/src/HimmMap.cpp:24:5:[m[K [01;36m[Knote: [m[Kno functions named â€˜[01m[Kint HimmMap::getCell(int, int) const[m[Kâ€™
In file included from [01m[K/home/eb/ros2_ws/src/tp1/src/HimmMap.cpp:1[m[K:
[01m[K/home/eb/ros2_ws/src/tp1/include/HimmMap.h:6:7:[m[K [01;36m[Knote: [m[Kâ€˜[01m[Kclass HimmMap[m[Kâ€™ defined here
    6 | class [01;36m[KHimmMap[m[K {
      |       [01;36m[K^~~~~~~[m[K
gmake[2]: *** [CMakeFiles/navigation.dir/build.make:132: CMakeFiles/navigation.dir/src/HimmMap.cpp.o] Erro 1
gmake[1]: *** [CMakeFiles/Makefile2:137: CMakeFiles/navigation.dir/all] Erro 2
gmake: *** [Makefile:146: all] Erro 2
