[0.008s] Invoking command in '/home/eb/ros2_ws/build/tp1': CMAKE_PREFIX_PATH=${CMAKE_PREFIX_PATH}:/opt/ros/humble /usr/bin/cmake --build /home/eb/ros2_ws/build/tp1 -- -j12 -l12
[0.040s] [35m[1mConsolidate compiler generated dependencies of target navigation[0m
[0.056s] [ 28%] [32mBuilding CXX object CMakeFiles/navigation.dir/src/HimmMap.cpp.o[0m
[0.056s] [ 28%] [32mBuilding CXX object CMakeFiles/navigation.dir/src/HarmonicField.cpp.o[0m
[0.189s] [01m[K/home/eb/ros2_ws/src/tp1/src/HarmonicField.cpp:[m[K In member function â€˜[01m[Kvoid HarmonicField::initializeFromHimm(const HimmMap&)[m[Kâ€™:
[0.189s] [01m[K/home/eb/ros2_ws/src/tp1/src/HarmonicField.cpp:17:29:[m[K [01;31m[Kerror: [m[Kâ€˜[01m[Kconst class HimmMap[m[Kâ€™ has no member named â€˜[01m[KgetCell[m[Kâ€™
[0.189s]    17 |             int value = map.[01;31m[KgetCell[m[K(x, y);
[0.189s]       |                             [01;31m[K^~~~~~~[m[K
[0.246s] gmake[2]: *** [CMakeFiles/navigation.dir/build.make:146: CMakeFiles/navigation.dir/src/HarmonicField.cpp.o] Erro 1
[0.246s] gmake[2]: ** Esperando que outros processos terminem.
[0.336s] [01m[K/home/eb/ros2_ws/src/tp1/src/HimmMap.cpp:24:5:[m[K [01;31m[Kerror: [m[Kno declaration matches â€˜[01m[Kint HimmMap::getCell(int, int) const[m[Kâ€™
[0.336s]    24 | int [01;31m[KHimmMap[m[K::getCell(int x, int y) const
[0.336s]       |     [01;31m[K^~~~~~~[m[K
[0.336s] [01m[K/home/eb/ros2_ws/src/tp1/src/HimmMap.cpp:24:5:[m[K [01;36m[Knote: [m[Kno functions named â€˜[01m[Kint HimmMap::getCell(int, int) const[m[Kâ€™
[0.336s] In file included from [01m[K/home/eb/ros2_ws/src/tp1/src/HimmMap.cpp:1[m[K:
[0.336s] [01m[K/home/eb/ros2_ws/src/tp1/include/HimmMap.h:6:7:[m[K [01;36m[Knote: [m[Kâ€˜[01m[Kclass HimmMap[m[Kâ€™ defined here
[0.336s]     6 | class [01;36m[KHimmMap[m[K {
[0.336s]       |       [01;36m[K^~~~~~~[m[K
[0.416s] gmake[2]: *** [CMakeFiles/navigation.dir/build.make:132: CMakeFiles/navigation.dir/src/HimmMap.cpp.o] Erro 1
[0.417s] gmake[1]: *** [CMakeFiles/Makefile2:137: CMakeFiles/navigation.dir/all] Erro 2
[0.417s] gmake: *** [Makefile:146: all] Erro 2
[0.421s] Invoked command in '/home/eb/ros2_ws/build/tp1' returned '2': CMAKE_PREFIX_PATH=${CMAKE_PREFIX_PATH}:/opt/ros/humble /usr/bin/cmake --build /home/eb/ros2_ws/build/tp1 -- -j12 -l12
