[01m[K/home/eb/ros2_ws/src/tp1/src/HarmonicField.cpp:35:6:[m[K [01;31m[Kerror: [m[Kno declaration matches â€˜[01m[Kvoid HarmonicField::iterateUntilConvergenceNear(float, float, float, int)[m[Kâ€™
   35 | void [01;31m[KHarmonicField[m[K::iterateUntilConvergenceNear(float x, float y, float epsilon, int radius)
      |      [01;31m[K^~~~~~~~~~~~~[m[K
[01m[K/home/eb/ros2_ws/src/tp1/src/HarmonicField.cpp:35:6:[m[K [01;36m[Knote: [m[Kno functions named â€˜[01m[Kvoid HarmonicField::iterateUntilConvergenceNear(float, float, float, int)[m[Kâ€™
In file included from [01m[K/home/eb/ros2_ws/src/tp1/src/HarmonicField.cpp:1[m[K:
[01m[K/home/eb/ros2_ws/src/tp1/include/HarmonicField.h:7:7:[m[K [01;36m[Knote: [m[Kâ€˜[01m[Kclass HarmonicField[m[Kâ€™ defined here
    7 | class [01;36m[KHarmonicField[m[K {
      |       [01;36m[K^~~~~~~~~~~~~[m[K
gmake[2]: *** [CMakeFiles/navigation.dir/build.make:146: CMakeFiles/navigation.dir/src/HarmonicField.cpp.o] Erro 1
gmake[1]: *** [CMakeFiles/Makefile2:137: CMakeFiles/navigation.dir/all] Erro 2
gmake: *** [Makefile:146: all] Erro 2
