[0.015s] Invoking command in '/home/eb/ros2_ws/src/build/tp1': CMAKE_PREFIX_PATH=${CMAKE_PREFIX_PATH}:/opt/ros/humble /usr/bin/cmake --build /home/eb/ros2_ws/src/build/tp1 -- -j12 -l12
[0.048s] [35m[1mConsolidate compiler generated dependencies of target navigation[0m
[0.062s] [ 20%] [32mBuilding CXX object CMakeFiles/navigation.dir/src/Action.cpp.o[0m
[0.336s] [01m[K/home/eb/ros2_ws/src/tp1/src/Action.cpp:[m[K In member function â€˜[01m[Kvoid Action::avoidObstacles(std::vector<float>, std::vector<float>)[m[Kâ€™:
[0.336s] [01m[K/home/eb/ros2_ws/src/tp1/src/Action.cpp:11:54:[m[K [01;35m[Kwarning: [m[Kunused parameter â€˜[01m[Klasers[m[Kâ€™ [[01;35m[K]8;;https://gcc.gnu.org/onlinedocs/gcc/Warning-Options.html#index-Wunused-parameter-Wunused-parameter]8;;[m[K]
[0.336s]    11 | void Action::avoidObstacles([01;35m[Kconst std::vector<float> lasers[m[K, const std::vector<float> sonars)
[0.336s]       |                             [01;35m[K~~~~~~~~~~~~~~~~~~~~~~~~~^~~~~~[m[K
[0.336s] [01m[K/home/eb/ros2_ws/src/tp1/src/Action.cpp:[m[K In member function â€˜[01m[Kvoid Action::keepAsFarthestAsPossibleFromWalls(std::vector<float>, std::vector<float>)[m[Kâ€™:
[0.336s] [01m[K/home/eb/ros2_ws/src/tp1/src/Action.cpp:50:67:[m[K [01;35m[Kwarning: [m[Kunused parameter â€˜[01m[Klasers[m[Kâ€™ [[01;35m[K]8;;https://gcc.gnu.org/onlinedocs/gcc/Warning-Options.html#index-Wunused-parameter-Wunused-parameter]8;;[m[K]
[0.336s]    50 | ction::keepAsFarthestAsPossibleFromWalls([01;35m[Kstd::vector<float> lasers[m[K, std::vector<float> sonars)
[0.336s]       |                                          [01;35m[K~~~~~~~~~~~~~~~~~~~^~~~~~[m[K
[0.336s] 
[0.337s] [01m[K/home/eb/ros2_ws/src/tp1/src/Action.cpp:[m[K In member function â€˜[01m[Kvoid Action::keepAsCloseAsPossibleToTheWalls(std::vector<float>, std::vector<float>)[m[Kâ€™:
[0.337s] [01m[K/home/eb/ros2_ws/src/tp1/src/Action.cpp:107:11:[m[K [01;35m[Kwarning: [m[Kunused variable â€˜[01m[KfrontRight[m[Kâ€™ [[01;35m[K]8;;https://gcc.gnu.org/onlinedocs/gcc/Warning-Options.html#index-Wunused-variable-Wunused-variable]8;;[m[K]
[0.337s]   107 |     float [01;35m[KfrontRight[m[K = sonars[4];
[0.337s]       |           [01;35m[K^~~~~~~~~~[m[K
[0.337s] [01m[K/home/eb/ros2_ws/src/tp1/src/Action.cpp:110:11:[m[K [01;35m[Kwarning: [m[Kunused variable â€˜[01m[KsideRight[m[Kâ€™ [[01;35m[K]8;;https://gcc.gnu.org/onlinedocs/gcc/Warning-Options.html#index-Wunused-variable-Wunused-variable]8;;[m[K]
[0.337s]   110 |     float [01;35m[KsideRight[m[K = (sonars[6] + sonars[7]) / 2.0;
[0.337s]       |           [01;35m[K^~~~~~~~~[m[K
[0.337s] [01m[K/home/eb/ros2_ws/src/tp1/src/Action.cpp:97:65:[m[K [01;35m[Kwarning: [m[Kunused parameter â€˜[01m[Klasers[m[Kâ€™ [[01;35m[K]8;;https://gcc.gnu.org/onlinedocs/gcc/Warning-Options.html#index-Wunused-parameter-Wunused-parameter]8;;[m[K]
[0.337s]    97 |  Action::keepAsCloseAsPossibleToTheWalls([01;35m[Kstd::vector<float> lasers[m[K, std::vector<float> sonars)
[0.337s]       |                                          [01;35m[K~~~~~~~~~~~~~~~~~~~^~~~~~[m[K
[0.338s] 
[0.425s] [ 40%] [32m[1mLinking CXX executable navigation[0m
[1.031s] /usr/bin/ld: CMakeFiles/navigation.dir/src/main.cpp.o: na funÃ§Ã£o "NavigationNode::timer_callback()":
[1.032s] main.cpp:(.text._ZN14NavigationNode14timer_callbackEv[_ZN14NavigationNode14timer_callbackEv]+0x36a): referÃªncia nÃ£o definida para "HimmMap::update(float, float, float, float)"
[1.052s] /usr/bin/ld: CMakeFiles/navigation.dir/src/Action.cpp.o: na funÃ§Ã£o "Action::Action()":
[1.053s] Action.cpp:(.text+0x3c): referÃªncia nÃ£o definida para "HimmMap::HimmMap(int, int, float, float, float)"
[1.085s] collect2: error: ld returned 1 exit status
[1.086s] gmake[2]: *** [CMakeFiles/navigation.dir/build.make:266: navigation] Erro 1
[1.086s] gmake[1]: *** [CMakeFiles/Makefile2:137: CMakeFiles/navigation.dir/all] Erro 2
[1.086s] gmake: *** [Makefile:146: all] Erro 2
[1.088s] Invoked command in '/home/eb/ros2_ws/src/build/tp1' returned '2': CMAKE_PREFIX_PATH=${CMAKE_PREFIX_PATH}:/opt/ros/humble /usr/bin/cmake --build /home/eb/ros2_ws/src/build/tp1 -- -j12 -l12
