[0.009s] Invoking command in '/home/eb/ros2_ws/src/build/tp1': CMAKE_PREFIX_PATH=${CMAKE_PREFIX_PATH}:/opt/ros/humble /usr/bin/cmake --build /home/eb/ros2_ws/src/build/tp1 -- -j12 -l12
[0.046s] [35m[1mConsolidate compiler generated dependencies of target navigation[0m
[0.061s] [ 40%] [32mBuilding CXX object CMakeFiles/navigation.dir/src/main.cpp.o[0m
[0.061s] [ 40%] [32mBuilding CXX object CMakeFiles/navigation.dir/src/Action.cpp.o[0m
[0.332s] [01m[K/home/eb/ros2_ws/src/tp1/src/Action.cpp:[m[K In constructor â€˜[01m[KAction::Action()[m[Kâ€™:
[0.332s] [01m[K/home/eb/ros2_ws/src/tp1/src/Action.cpp:5:16:[m[K [01;31m[Kerror: [m[Kno matching function for call to â€˜[01m[KHimmMap::HimmMap()[m[Kâ€™
[0.332s]     5 | Action::Action([01;31m[K)[m[K
[0.332s]       |                [01;31m[K^[m[K
[0.332s] In file included from [01m[K/home/eb/ros2_ws/src/tp1/include/Action.h:3[m[K,
[0.332s]                  from [01m[K/home/eb/ros2_ws/src/tp1/src/Action.cpp:1[m[K:
[0.332s] [01m[K/home/eb/ros2_ws/src/tp1/include/HimmMap.h:8:5:[m[K [01;36m[Knote: [m[Kcandidate: â€˜[01m[KHimmMap::HimmMap(int, int, float, float, float)[m[Kâ€™
[0.332s]     8 |     [01;36m[KHimmMap[m[K(int width, int height, float resolution, float origin_x, float origin_y);
[0.333s]       |     [01;36m[K^~~~~~~[m[K
[0.333s] [01m[K/home/eb/ros2_ws/src/tp1/include/HimmMap.h:8:5:[m[K [01;36m[Knote: [m[K  candidate expects 5 arguments, 0 provided
[0.333s] [01m[K/home/eb/ros2_ws/src/tp1/include/HimmMap.h:6:7:[m[K [01;36m[Knote: [m[Kcandidate: â€˜[01m[KHimmMap::HimmMap(const HimmMap&)[m[Kâ€™
[0.333s]     6 | class [01;36m[KHimmMap[m[K {
[0.333s]       |       [01;36m[K^~~~~~~[m[K
[0.333s] [01m[K/home/eb/ros2_ws/src/tp1/include/HimmMap.h:6:7:[m[K [01;36m[Knote: [m[K  candidate expects 1 argument, 0 provided
[0.333s] [01m[K/home/eb/ros2_ws/src/tp1/include/HimmMap.h:6:7:[m[K [01;36m[Knote: [m[Kcandidate: â€˜[01m[KHimmMap::HimmMap(HimmMap&&)[m[Kâ€™
[0.333s] [01m[K/home/eb/ros2_ws/src/tp1/include/HimmMap.h:6:7:[m[K [01;36m[Knote: [m[K  candidate expects 1 argument, 0 provided
[0.334s] [01m[K/home/eb/ros2_ws/src/tp1/src/Action.cpp:[m[K In member function â€˜[01m[Kvoid Action::avoidObstacles(std::vector<float>, std::vector<float>)[m[Kâ€™:
[0.334s] [01m[K/home/eb/ros2_ws/src/tp1/src/Action.cpp:11:54:[m[K [01;35m[Kwarning: [m[Kunused parameter â€˜[01m[Klasers[m[Kâ€™ [[01;35m[K]8;;https://gcc.gnu.org/onlinedocs/gcc/Warning-Options.html#index-Wunused-parameter-Wunused-parameter]8;;[m[K]
[0.334s]    11 | void Action::avoidObstacles([01;35m[Kconst std::vector<float> lasers[m[K, const std::vector<float> sonars)
[0.334s]       |                             [01;35m[K~~~~~~~~~~~~~~~~~~~~~~~~~^~~~~~[m[K
[0.334s] [01m[K/home/eb/ros2_ws/src/tp1/src/Action.cpp:[m[K In member function â€˜[01m[Kvoid Action::keepAsFarthestAsPossibleFromWalls(std::vector<float>, std::vector<float>)[m[Kâ€™:
[0.335s] [01m[K/home/eb/ros2_ws/src/tp1/src/Action.cpp:50:67:[m[K [01;35m[Kwarning: [m[Kunused parameter â€˜[01m[Klasers[m[Kâ€™ [[01;35m[K]8;;https://gcc.gnu.org/onlinedocs/gcc/Warning-Options.html#index-Wunused-parameter-Wunused-parameter]8;;[m[K]
[0.335s]    50 | void Action::keepAsFarthestAsPossibleFromWalls([01;35m[Kstd::vector<float> lasers[m[K, std::vector<float> sonars)
[0.335s]       |                                                [01;35m[K~~~~~~~~~~~~~~~~~~~^~~~~~[m[K
[0.335s] [01m[K/home/eb/ros2_ws/src/tp1/src/Action.cpp:[m[K In member function â€˜[01m[Kvoid Action::keepAsCloseAsPossibleToTheWalls(std::vector<float>, std::vector<float>)[m[Kâ€™:
[0.335s] [01m[K/home/eb/ros2_ws/src/tp1/src/Action.cpp:107:11:[m[K [01;35m[Kwarning: [m[Kunused variable â€˜[01m[KfrontRight[m[Kâ€™ [[01;35m[K]8;;https://gcc.gnu.org/onlinedocs/gcc/Warning-Options.html#index-Wunused-variable-Wunused-variable]8;;[m[K]
[0.335s]   107 |     float [01;35m[KfrontRight[m[K = sonars[4];
[0.335s]       |           [01;35m[K^~~~~~~~~~[m[K
[0.335s] [01m[K/home/eb/ros2_ws/src/tp1/src/Action.cpp:110:11:[m[K [01;35m[Kwarning: [m[Kunused variable â€˜[01m[KsideRight[m[Kâ€™ [[01;35m[K]8;;https://gcc.gnu.org/onlinedocs/gcc/Warning-Options.html#index-Wunused-variable-Wunused-variable]8;;[m[K]
[0.335s]   110 |     float [01;35m[KsideRight[m[K = (sonars[6] + sonars[7]) / 2.0;
[0.335s]       |           [01;35m[K^~~~~~~~~[m[K
[0.335s] [01m[K/home/eb/ros2_ws/src/tp1/src/Action.cpp:97:65:[m[K [01;35m[Kwarning: [m[Kunused parameter â€˜[01m[Klasers[m[Kâ€™ [[01;35m[K]8;;https://gcc.gnu.org/onlinedocs/gcc/Warning-Options.html#index-Wunused-parameter-Wunused-parameter]8;;[m[K]
[0.335s]    97 | void Action::keepAsCloseAsPossibleToTheWalls([01;35m[Kstd::vector<float> lasers[m[K, std::vector<float> sonars)
[0.336s]       |                                              [01;35m[K~~~~~~~~~~~~~~~~~~~^~~~~~[m[K
[0.399s] gmake[2]: *** [CMakeFiles/navigation.dir/build.make:90: CMakeFiles/navigation.dir/src/Action.cpp.o] Erro 1
[0.399s] gmake[2]: ** Esperando que outros processos terminem.
[2.118s] [01m[K/home/eb/ros2_ws/src/tp1/src/main.cpp:[m[K In function â€˜[01m[Kvoid* keyboardThreadFunction(void*)[m[Kâ€™:
[2.118s] [01m[K/home/eb/ros2_ws/src/tp1/src/main.cpp:103:36:[m[K [01;35m[Kwarning: [m[Kunused parameter â€˜[01m[Karg[m[Kâ€™ [[01;35m[K]8;;https://gcc.gnu.org/onlinedocs/gcc/Warning-Options.html#index-Wunused-parameter-Wunused-parameter]8;;[m[K]
[2.118s]   103 | void *keyboardThreadFunction([01;35m[Kvoid *arg[m[K)
[2.118s]       |                              [01;35m[K~~~~~~^~~[m[K
[2.121s] [01m[K/home/eb/ros2_ws/src/tp1/src/main.cpp:[m[K In function â€˜[01m[Kvoid* mainThreadFunction(void*)[m[Kâ€™:
[2.121s] [01m[K/home/eb/ros2_ws/src/tp1/src/main.cpp:117:32:[m[K [01;35m[Kwarning: [m[Kunused parameter â€˜[01m[Karg[m[Kâ€™ [[01;35m[K]8;;https://gcc.gnu.org/onlinedocs/gcc/Warning-Options.html#index-Wunused-parameter-Wunused-parameter]8;;[m[K]
[2.121s]   117 | void *mainThreadFunction([01;35m[Kvoid *arg[m[K)
[2.121s]       |                          [01;35m[K~~~~~~^~~[m[K
[11.224s] gmake[1]: *** [CMakeFiles/Makefile2:137: CMakeFiles/navigation.dir/all] Erro 2
[11.224s] gmake: *** [Makefile:146: all] Erro 2
[11.226s] Invoked command in '/home/eb/ros2_ws/src/build/tp1' returned '2': CMAKE_PREFIX_PATH=${CMAKE_PREFIX_PATH}:/opt/ros/humble /usr/bin/cmake --build /home/eb/ros2_ws/src/build/tp1 -- -j12 -l12
