[35m[1mConsolidate compiler generated dependencies of target navigation[0m
[ 14%] [32mBuilding CXX object CMakeFiles/navigation.dir/src/Action.cpp.o[0m
[01m[K/home/eb/ros2_ws/src/tp1/src/Action.cpp:19:6:[m[K [01;31m[Kerror: [m[Kno declaration matches â€˜[01m[Kvoid Action::avoidObstacles(std::vector<float>)[m[Kâ€™
   19 | void [01;31m[KAction[m[K::avoidObstacles(const std::vector<float> sonars)
      |      [01;31m[K^~~~~~[m[K
In file included from [01m[K/home/eb/ros2_ws/src/tp1/src/Action.cpp:1[m[K:
[01m[K/home/eb/ros2_ws/src/tp1/include/Action.h:39:10:[m[K [01;36m[Knote: [m[Kcandidate is: â€˜[01m[Kvoid Action::avoidObstacles(std::vector<float>, std::vector<float>)[m[Kâ€™
   39 |     void [01;36m[KavoidObstacles[m[K(std::vector<float> lasers, std::vector<float> sonars);
      |          [01;36m[K^~~~~~~~~~~~~~[m[K
[01m[K/home/eb/ros2_ws/src/tp1/include/Action.h:20:7:[m[K [01;36m[Knote: [m[Kâ€˜[01m[Kclass Action[m[Kâ€™ defined here
   20 | class [01;36m[KAction[m[K
      |       [01;36m[K^~~~~~[m[K
[01m[K/home/eb/ros2_ws/src/tp1/src/Action.cpp:56:6:[m[K [01;31m[Kerror: [m[Kno declaration matches â€˜[01m[Kvoid Action::keepAsFarthestAsPossibleFromWalls(std::vector<float>)[m[Kâ€™
   56 | void [01;31m[KAction[m[K::keepAsFarthestAsPossibleFromWalls(std::vector<float> sonars)
      |      [01;31m[K^~~~~~[m[K
In file included from [01m[K/home/eb/ros2_ws/src/tp1/src/Action.cpp:1[m[K:
[01m[K/home/eb/ros2_ws/src/tp1/include/Action.h:40:10:[m[K [01;36m[Knote: [m[Kcandidate is: â€˜[01m[Kvoid Action::keepAsFarthestAsPossibleFromWalls(std::vector<float>, std::vector<float>)[m[Kâ€™
   40 |     void [01;36m[KkeepAsFarthestAsPossibleFromWalls[m[K(std::vector<float> lasers, std::vector<float> sonars);
      |          [01;36m[K^~~~~~~~~~~~~~~~~~~~~~~~~~~~~~~~~[m[K
[01m[K/home/eb/ros2_ws/src/tp1/include/Action.h:20:7:[m[K [01;36m[Knote: [m[Kâ€˜[01m[Kclass Action[m[Kâ€™ defined here
   20 | class [01;36m[KAction[m[K
      |       [01;36m[K^~~~~~[m[K
[01m[K/home/eb/ros2_ws/src/tp1/src/Action.cpp:100:6:[m[K [01;31m[Kerror: [m[Kno declaration matches â€˜[01m[Kvoid Action::keepAsCloseAsPossibleToTheWalls(std::vector<float>)[m[Kâ€™
  100 | void [01;31m[KAction[m[K::keepAsCloseAsPossibleToTheWalls(std::vector<float> sonars)
      |      [01;31m[K^~~~~~[m[K
In file included from [01m[K/home/eb/ros2_ws/src/tp1/src/Action.cpp:1[m[K:
[01m[K/home/eb/ros2_ws/src/tp1/include/Action.h:41:10:[m[K [01;36m[Knote: [m[Kcandidate is: â€˜[01m[Kvoid Action::keepAsCloseAsPossibleToTheWalls(std::vector<float>, std::vector<float>)[m[Kâ€™
   41 |     void [01;36m[KkeepAsCloseAsPossibleToTheWalls[m[K(std::vector<float> lasers, std::vector<float> sonars);
      |          [01;36m[K^~~~~~~~~~~~~~~~~~~~~~~~~~~~~~~[m[K
[01m[K/home/eb/ros2_ws/src/tp1/include/Action.h:20:7:[m[K [01;36m[Knote: [m[Kâ€˜[01m[Kclass Action[m[Kâ€™ defined here
   20 | class [01;36m[KAction[m[K
      |       [01;36m[K^~~~~~[m[K
[01m[K/home/eb/ros2_ws/src/tp1/src/Action.cpp:[m[K In member function â€˜[01m[Kvoid Action::navigateWithHarmonicField()[m[Kâ€™:
[01m[K/home/eb/ros2_ws/src/tp1/src/Action.cpp:247:33:[m[K [01;31m[Kerror: [m[Kâ€˜[01m[KroboPosicao[m[Kâ€™ was not declared in this scope
  247 |             himmMap_.updateHIMM([01;31m[KroboPosicao[m[K.x, roboPosicao.y, roboPosicao.theta, sonars[i]);
      |                                 [01;31m[K^~~~~~~~~~~[m[K
gmake[2]: *** [CMakeFiles/navigation.dir/build.make:90: CMakeFiles/navigation.dir/src/Action.cpp.o] Erro 1
gmake[1]: *** [CMakeFiles/Makefile2:137: CMakeFiles/navigation.dir/all] Erro 2
gmake: *** [Makefile:146: all] Erro 2
