[0.013s] Invoking command in '/home/eb/ros2_ws/build/tp1': CMAKE_PREFIX_PATH=${CMAKE_PREFIX_PATH}:/opt/ros/humble /usr/bin/cmake --build /home/eb/ros2_ws/build/tp1 -- -j12 -l12
[0.087s] [ 12%] [32mBuilding CXX object CMakeFiles/navigation.dir/src/Action.cpp.o[0m
[0.087s] [ 25%] [32mBuilding CXX object CMakeFiles/navigation.dir/src/main.cpp.o[0m
[0.474s] [01m[K/home/eb/ros2_ws/src/tp1/src/Action.cpp:[m[K In function â€˜[01m[Kfloat yawGradiente(const std::vector<std::vector<float> >&, float, float)[m[Kâ€™:
[0.474s] [01m[K/home/eb/ros2_ws/src/tp1/src/Action.cpp:30:21:[m[K [01;35m[Kwarning: [m[Kcomparison of integer expressions of different signedness: â€˜[01m[Kint[m[Kâ€™ and â€˜[01m[Kstd::vector<float>::size_type[m[Kâ€™ {aka â€˜[01m[Klong unsigned int[m[Kâ€™} [[01;35m[K]8;;https://gcc.gnu.org/onlinedocs/gcc/Warning-Options.html#index-Wsign-compare-Wsign-compare]8;;[m[K]
[0.474s]    30 |     if (x <= 0 || [01;35m[Kx >= campoPotencial[0].size() - 1[m[K || y <= 0 || y >= campoPotencial.size() - 1) {
[0.474s]       |                   [01;35m[K~~^~~~~~~~~~~~~~~~~~~~~~~~~~~~~~~[m[K
[0.474s] [01m[K/home/eb/ros2_ws/src/tp1/src/Action.cpp:30:68:[m[K [01;35m[Kwarning: [m[Kcomparison of integer expressions of different signedness: â€˜[01m[Kint[m[Kâ€™ and â€˜[01m[Kstd::vector<std::vector<float> >::size_type[m[Kâ€™ {aka â€˜[01m[Klong unsigned int[m[Kâ€™} [[01;35m[K]8;;https://gcc.gnu.org/onlinedocs/gcc/Warning-Options.html#index-Wsign-compare-Wsign-compare]8;;[m[K]
[0.474s]    30 |     if (x <= 0 || x >= campoPotencial[0].size() - 1 || y <= 0 || [01;35m[Ky >= campoPotencial.size() - 1[m[K) {
[0.474s]       |                                                                  [01;35m[K~~^~~~~~~~~~~~~~~~~~~~~~~~~~~~[m[K
[0.476s] [01m[K/home/eb/ros2_ws/src/tp1/src/Action.cpp:[m[K In member function â€˜[01m[Kvoid Action::avoidObstacles(std::vector<float>, std::vector<float>)[m[Kâ€™:
[0.476s] [01m[K/home/eb/ros2_ws/src/tp1/src/Action.cpp:74:54:[m[K [01;35m[Kwarning: [m[Kunused parameter â€˜[01m[Klasers[m[Kâ€™ [[01;35m[K]8;;https://gcc.gnu.org/onlinedocs/gcc/Warning-Options.html#index-Wunused-parameter-Wunused-parameter]8;;[m[K]
[0.476s]    74 | void Action::avoidObstacles([01;35m[Kconst std::vector<float> lasers[m[K, const std::vector<float> sonars)
[0.476s]       |                             [01;35m[K~~~~~~~~~~~~~~~~~~~~~~~~~^~~~~~[m[K
[0.476s] [01m[K/home/eb/ros2_ws/src/tp1/src/Action.cpp:[m[K In member function â€˜[01m[Kvoid Action::keepAsFarthestAsPossibleFromWalls(std::vector<float>, std::vector<float>)[m[Kâ€™:
[0.476s] [01m[K/home/eb/ros2_ws/src/tp1/src/Action.cpp:111:67:[m[K [01;35m[Kwarning: [m[Kunused parameter â€˜[01m[Klasers[m[Kâ€™ [[01;35m[K]8;;https://gcc.gnu.org/onlinedocs/gcc/Warning-Options.html#index-Wunused-parameter-Wunused-parameter]8;;[m[K]
[0.476s]   111 | void Action::keepAsFarthestAsPossibleFromWalls([01;35m[Kstd::vector<float> lasers[m[K, std::vector<float> sonars)
[0.477s]       |                                                [01;35m[K~~~~~~~~~~~~~~~~~~~^~~~~~[m[K
[0.477s] [01m[K/home/eb/ros2_ws/src/tp1/src/Action.cpp:[m[K In function â€˜[01m[KPosition detectarParede(const std::vector<float>&, float, bool)[m[Kâ€™:
[0.477s] [01m[K/home/eb/ros2_ws/src/tp1/src/Action.cpp:171:37:[m[K [01;35m[Kwarning: [m[Kmissing initializer for member â€˜[01m[KPosition::theta[m[Kâ€™ [[01;35m[K]8;;https://gcc.gnu.org/onlinedocs/gcc/Warning-Options.html#index-Wmissing-field-initializers-Wmissing-field-initializers]8;;[m[K]
[0.477s]   171 |     Position wallPos = {xWall, yWall[01;35m[K}[m[K;
[0.477s]       |                                     [01;35m[K^[m[K
[0.477s] [01m[K/home/eb/ros2_ws/src/tp1/src/Action.cpp:[m[K In member function â€˜[01m[Kvoid Action::testMode(std::vector<float>, std::vector<float>, std::vector<float>)[m[Kâ€™:
[0.477s] [01m[K/home/eb/ros2_ws/src/tp1/src/Action.cpp:175:42:[m[K [01;35m[Kwarning: [m[Kunused parameter â€˜[01m[Klasers[m[Kâ€™ [[01;35m[K]8;;https://gcc.gnu.org/onlinedocs/gcc/Warning-Options.html#index-Wunused-parameter-Wunused-parameter]8;;[m[K]
[0.477s]   175 | void Action::testMode([01;35m[Kstd::vector<float> lasers[m[K, std::vector<float> sonars, std::vector<float> pose)
[0.477s]       |                       [01;35m[K~~~~~~~~~~~~~~~~~~~^~~~~~[m[K
[2.799s] [01m[K/home/eb/ros2_ws/src/tp1/src/main.cpp:[m[K In member function â€˜[01m[Kvoid NavigationNode::timer_callback()[m[Kâ€™:
[2.799s] [01m[K/home/eb/ros2_ws/src/tp1/src/main.cpp:59:31:[m[K [01;31m[Kerror: [m[Kno matching function for call to â€˜[01m[KAction::avoidObstacles(std::vector<float>&, std::vector<float>&, std::vector<float>&)[m[Kâ€™
[2.799s]    59 |         [01;31m[Kaction_.avoidObstacles(lasers, sonars, pose)[m[K;
[2.800s]       |         [01;31m[K~~~~~~~~~~~~~~~~~~~~~~^~~~~~~~~~~~~~~~~~~~~~[m[K
[2.800s] In file included from [01m[K/home/eb/ros2_ws/src/tp1/src/main.cpp:9[m[K:
[2.800s] [01m[K/home/eb/ros2_ws/src/tp1/include/Action.h:21:10:[m[K [01;36m[Knote: [m[Kcandidate: â€˜[01m[Kvoid Action::avoidObstacles(std::vector<float>, std::vector<float>)[m[Kâ€™
[2.800s]    21 |     void [01;36m[KavoidObstacles[m[K(std::vector<float> lasers, std::vector<float> sonars);
[2.800s]       |          [01;36m[K^~~~~~~~~~~~~~[m[K
[2.800s] [01m[K/home/eb/ros2_ws/src/tp1/include/Action.h:21:10:[m[K [01;36m[Knote: [m[K  candidate expects 2 arguments, 3 provided
[2.801s] [01m[K/home/eb/ros2_ws/src/tp1/src/main.cpp:[m[K In function â€˜[01m[Kvoid* keyboardThreadFunction(void*)[m[Kâ€™:
[2.801s] [01m[K/home/eb/ros2_ws/src/tp1/src/main.cpp:93:36:[m[K [01;35m[Kwarning: [m[Kunused parameter â€˜[01m[Karg[m[Kâ€™ [[01;35m[K]8;;https://gcc.gnu.org/onlinedocs/gcc/Warning-Options.html#index-Wunused-parameter-Wunused-parameter]8;;[m[K]
[2.801s]    93 | void *keyboardThreadFunction([01;35m[Kvoid *arg[m[K)
[2.801s]       |                              [01;35m[K~~~~~~^~~[m[K
[2.804s] [01m[K/home/eb/ros2_ws/src/tp1/src/main.cpp:[m[K In function â€˜[01m[Kvoid* mainThreadFunction(void*)[m[Kâ€™:
[2.805s] [01m[K/home/eb/ros2_ws/src/tp1/src/main.cpp:107:32:[m[K [01;35m[Kwarning: [m[Kunused parameter â€˜[01m[Karg[m[Kâ€™ [[01;35m[K]8;;https://gcc.gnu.org/onlinedocs/gcc/Warning-Options.html#index-Wunused-parameter-Wunused-parameter]8;;[m[K]
[2.805s]   107 | void *mainThreadFunction([01;35m[Kvoid *arg[m[K)
[2.805s]       |                          [01;35m[K~~~~~~^~~[m[K
[8.213s] gmake[2]: *** [CMakeFiles/navigation.dir/build.make:76: CMakeFiles/navigation.dir/src/main.cpp.o] Erro 1
[8.214s] gmake[1]: *** [CMakeFiles/Makefile2:137: CMakeFiles/navigation.dir/all] Erro 2
[8.214s] gmake: *** [Makefile:146: all] Erro 2
[8.216s] Invoked command in '/home/eb/ros2_ws/build/tp1' returned '2': CMAKE_PREFIX_PATH=${CMAKE_PREFIX_PATH}:/opt/ros/humble /usr/bin/cmake --build /home/eb/ros2_ws/build/tp1 -- -j12 -l12
