[35m[1mConsolidate compiler generated dependencies of target navigation[0m
[ 12%] [32m[1mLinking CXX executable navigation[0m
/usr/bin/ld: CMakeFiles/navigation.dir/src/PotentialField.cpp.o: aviso: relocaliza√ß√£o contra "roboPosicao" em sec√ß√£o s√≥ de leitura ".text"
/usr/bin/ld: CMakeFiles/navigation.dir/src/main.cpp.o: na fun√ß√£o "NavigationNode::timer_callback()":
main.cpp:(.text._ZN14NavigationNode14timer_callbackEv[_ZN14NavigationNode14timer_callbackEv]+0x424): refer√™ncia n√£o definida para "Action::followTheWalls(std::vector<float, std::allocator<float> >, std::vector<float, std::allocator<float> >, std::vector<float, std::allocator<float> >)"
/usr/bin/ld: CMakeFiles/navigation.dir/src/Graph.cpp.o: na fun√ß√£o "graphicsThreadFunction(void*)":
Graph.cpp:(.text+0x1065): refer√™ncia n√£o definida para "roboPosicao"
/usr/bin/ld: Graph.cpp:(.text+0x10a4): refer√™ncia n√£o definida para "roboPosicao"
/usr/bin/ld: Graph.cpp:(.text+0x10e3): refer√™ncia n√£o definida para "roboPosicao"
/usr/bin/ld: CMakeFiles/navigation.dir/src/Mapping.cpp.o: na fun√ß√£o "mappingThreadFunction(void*)":
Mapping.cpp:(.text+0x15c4): refer√™ncia n√£o definida para "roboPosicao"
/usr/bin/ld: Mapping.cpp:(.text+0x160c): refer√™ncia n√£o definida para "roboPosicao"
/usr/bin/ld: CMakeFiles/navigation.dir/src/Mapping.cpp.o:Mapping.cpp:(.text+0x1765): mais refer√™ncias n√£o definidas para "roboPosicao" seguir
/usr/bin/ld: aviso: a criar DT_TEXTREL num PIE.
collect2: error: ld returned 1 exit status
gmake[2]: *** [CMakeFiles/navigation.dir/build.make:311: navigation] Erro 1
gmake[1]: *** [CMakeFiles/Makefile2:137: CMakeFiles/navigation.dir/all] Erro 2
gmake: *** [Makefile:146: all] Erro 2
