[0.010s] Invoking command in '/home/eb/ros2_ws/build/tp1': CMAKE_PREFIX_PATH=${CMAKE_PREFIX_PATH}:/opt/ros/humble /usr/bin/cmake --build /home/eb/ros2_ws/build/tp1 -- -j12 -l12
[0.062s] [35m[1mConsolidate compiler generated dependencies of target navigation[0m
[0.087s] [ 12%] [32m[1mLinking CXX executable navigation[0m
[1.251s] /usr/bin/ld: CMakeFiles/navigation.dir/src/PotentialField.cpp.o: aviso: relocaliza√ß√£o contra "roboPosicao" em sec√ß√£o s√≥ de leitura ".text"
[1.296s] /usr/bin/ld: CMakeFiles/navigation.dir/src/main.cpp.o: na fun√ß√£o "NavigationNode::timer_callback()":
[1.296s] main.cpp:(.text._ZN14NavigationNode14timer_callbackEv[_ZN14NavigationNode14timer_callbackEv]+0x424): refer√™ncia n√£o definida para "Action::followTheWalls(std::vector<float, std::allocator<float> >, std::vector<float, std::allocator<float> >, std::vector<float, std::allocator<float> >)"
[1.323s] /usr/bin/ld: CMakeFiles/navigation.dir/src/Graph.cpp.o: na fun√ß√£o "graphicsThreadFunction(void*)":
[1.323s] Graph.cpp:(.text+0x1065): refer√™ncia n√£o definida para "roboPosicao"
[1.323s] /usr/bin/ld: Graph.cpp:(.text+0x10a4): refer√™ncia n√£o definida para "roboPosicao"
[1.323s] /usr/bin/ld: Graph.cpp:(.text+0x10e3): refer√™ncia n√£o definida para "roboPosicao"
[1.323s] /usr/bin/ld: CMakeFiles/navigation.dir/src/Mapping.cpp.o: na fun√ß√£o "mappingThreadFunction(void*)":
[1.323s] Mapping.cpp:(.text+0x15c4): refer√™ncia n√£o definida para "roboPosicao"
[1.324s] /usr/bin/ld: Mapping.cpp:(.text+0x160c): refer√™ncia n√£o definida para "roboPosicao"
[1.324s] /usr/bin/ld: CMakeFiles/navigation.dir/src/Mapping.cpp.o:Mapping.cpp:(.text+0x1765): mais refer√™ncias n√£o definidas para "roboPosicao" seguir
[1.367s] /usr/bin/ld: aviso: a criar DT_TEXTREL num PIE.
[1.374s] collect2: error: ld returned 1 exit status
[1.376s] gmake[2]: *** [CMakeFiles/navigation.dir/build.make:311: navigation] Erro 1
[1.376s] gmake[1]: *** [CMakeFiles/Makefile2:137: CMakeFiles/navigation.dir/all] Erro 2
[1.376s] gmake: *** [Makefile:146: all] Erro 2
[1.378s] Invoked command in '/home/eb/ros2_ws/build/tp1' returned '2': CMAKE_PREFIX_PATH=${CMAKE_PREFIX_PATH}:/opt/ros/humble /usr/bin/cmake --build /home/eb/ros2_ws/build/tp1 -- -j12 -l12
