[01m[K/home/eb/ros2_ws/src/tp1/src/Graph.cpp:[m[K In function â€˜[01m[Kvoid* graphicsThreadFunction(void*)[m[Kâ€™:
[01m[K/home/eb/ros2_ws/src/tp1/src/Graph.cpp:204:36:[m[K [01;35m[Kwarning: [m[Kunused parameter â€˜[01m[Karg[m[Kâ€™ [[01;35m[K]8;;https://gcc.gnu.org/onlinedocs/gcc/Warning-Options.html#index-Wunused-parameter-Wunused-parameter]8;;[m[K]
  204 | void* graphicsThreadFunction([01;35m[Kvoid* arg[m[K) {
      |                              [01;35m[K~~~~~~^~~[m[K
[01m[K/home/eb/ros2_ws/src/tp1/src/PotentialField.cpp:[m[K In function â€˜[01m[Kvoid* potentialFieldThreadFunction(void*)[m[Kâ€™:
[01m[K/home/eb/ros2_ws/src/tp1/src/PotentialField.cpp:86:42:[m[K [01;35m[Kwarning: [m[Kunused parameter â€˜[01m[Karg[m[Kâ€™ [[01;35m[K]8;;https://gcc.gnu.org/onlinedocs/gcc/Warning-Options.html#index-Wunused-parameter-Wunused-parameter]8;;[m[K]
   86 | void* potentialFieldThreadFunction([01;35m[Kvoid* arg[m[K) {
      |                                    [01;35m[K~~~~~~^~~[m[K
[01m[K/home/eb/ros2_ws/src/tp1/src/Mapping.cpp:[m[K In function â€˜[01m[Kvoid* mappingThreadFunction(void*)[m[Kâ€™:
[01m[K/home/eb/ros2_ws/src/tp1/src/Mapping.cpp:319:35:[m[K [01;35m[Kwarning: [m[Kunused parameter â€˜[01m[Karg[m[Kâ€™ [[01;35m[K]8;;https://gcc.gnu.org/onlinedocs/gcc/Warning-Options.html#index-Wunused-parameter-Wunused-parameter]8;;[m[K]
  319 | void* mappingThreadFunction([01;35m[Kvoid* arg[m[K) {
      |                             [01;35m[K~~~~~~^~~[m[K
/usr/bin/ld: CMakeFiles/navigation.dir/src/main.cpp.o: na funÃ§Ã£o "NavigationNode::timer_callback()":
main.cpp:(.text._ZN14NavigationNode14timer_callbackEv[_ZN14NavigationNode14timer_callbackEv]+0x424): referÃªncia nÃ£o definida para "Action::followTheWalls(std::vector<float, std::allocator<float> >, std::vector<float, std::allocator<float> >, std::vector<float, std::allocator<float> >)"
collect2: error: ld returned 1 exit status
gmake[2]: *** [CMakeFiles/navigation.dir/build.make:311: navigation] Erro 1
gmake[1]: *** [CMakeFiles/Makefile2:137: CMakeFiles/navigation.dir/all] Erro 2
gmake: *** [Makefile:146: all] Erro 2
