[0.009s] Invoking command in '/home/eb/ros2_ws/build/tp1': CMAKE_PREFIX_PATH=${CMAKE_PREFIX_PATH}:/opt/ros/humble /usr/bin/cmake --build /home/eb/ros2_ws/build/tp1 -- -j12 -l12
[0.049s] [ 28%] [32mBuilding CXX object CMakeFiles/navigation.dir/src/HarmonicField.cpp.o[0m
[0.049s] [ 28%] [32mBuilding CXX object CMakeFiles/navigation.dir/src/Action.cpp.o[0m
[0.333s] [01m[K/home/eb/ros2_ws/src/tp1/src/HarmonicField.cpp:[m[K In lambda function:
[0.333s] [01m[K/home/eb/ros2_ws/src/tp1/src/HarmonicField.cpp:113:22:[m[K [01;31m[Kerror: [m[Kâ€˜[01m[KnumThreads[m[Kâ€™ is not captured
[0.333s]   113 |             if (t == [01;31m[KnumThreads[m[K - 1) endRow = height_;
[0.333s]       |                      [01;31m[K^~~~~~~~~~[m[K
[0.333s] [01m[K/home/eb/ros2_ws/src/tp1/src/HarmonicField.cpp:110:60:[m[K [01;36m[Knote: [m[Kthe lambda has no capture-default
[0.333s]   110 |         threads.emplace_back([this, t, rowsPerThread, steps[01;36m[K][m[K() {
[0.333s]       |                                                            [01;36m[K^[m[K
[0.333s] [01m[K/home/eb/ros2_ws/src/tp1/src/HarmonicField.cpp:103:52:[m[K [01;36m[Knote: [m[Kâ€˜[01m[Kint numThreads[m[Kâ€™ declared here
[0.333s]   103 | void HarmonicField::parallelIterate(int steps, [01;36m[Kint numThreads[m[K)
[0.333s]       |                                                [01;36m[K~~~~^~~~~~~~~~[m[K
[0.428s] gmake[2]: *** [CMakeFiles/navigation.dir/build.make:146: CMakeFiles/navigation.dir/src/HarmonicField.cpp.o] Erro 1
[0.428s] gmake[2]: ** Esperando que outros processos terminem.
[0.554s] [01m[K/home/eb/ros2_ws/src/tp1/src/Action.cpp:[m[K In member function â€˜[01m[Kvoid Action::avoidObstacles(std::vector<float>, std::vector<float>)[m[Kâ€™:
[0.554s] [01m[K/home/eb/ros2_ws/src/tp1/src/Action.cpp:19:54:[m[K [01;35m[Kwarning: [m[Kunused parameter â€˜[01m[Klasers[m[Kâ€™ [[01;35m[K]8;;https://gcc.gnu.org/onlinedocs/gcc/Warning-Options.html#index-Wunused-parameter-Wunused-parameter]8;;[m[K]
[0.555s]    19 | void Action::avoidObstacles([01;35m[Kconst std::vector<float> lasers[m[K, const std::vector<float> sonars)
[0.555s]       |                             [01;35m[K~~~~~~~~~~~~~~~~~~~~~~~~~^~~~~~[m[K
[0.555s] [01m[K/home/eb/ros2_ws/src/tp1/src/Action.cpp:[m[K In member function â€˜[01m[Kvoid Action::keepAsFarthestAsPossibleFromWalls(std::vector<float>, std::vector<float>)[m[Kâ€™:
[0.555s] [01m[K/home/eb/ros2_ws/src/tp1/src/Action.cpp:56:67:[m[K [01;35m[Kwarning: [m[Kunused parameter â€˜[01m[Klasers[m[Kâ€™ [[01;35m[K]8;;https://gcc.gnu.org/onlinedocs/gcc/Warning-Options.html#index-Wunused-parameter-Wunused-parameter]8;;[m[K]
[0.555s]    56 | ction::keepAsFarthestAsPossibleFromWalls([01;35m[Kstd::vector<float> lasers[m[K, std::vector<float> sonars)
[0.555s]       |                                          [01;35m[K~~~~~~~~~~~~~~~~~~~^~~~~~[m[K
[0.555s] 
[0.555s] [01m[K/home/eb/ros2_ws/src/tp1/src/Action.cpp:[m[K In member function â€˜[01m[Kvoid Action::keepAsCloseAsPossibleToTheWalls(std::vector<float>, std::vector<float>)[m[Kâ€™:
[0.556s] [01m[K/home/eb/ros2_ws/src/tp1/src/Action.cpp:110:11:[m[K [01;35m[Kwarning: [m[Kunused variable â€˜[01m[KfrontRight[m[Kâ€™ [[01;35m[K]8;;https://gcc.gnu.org/onlinedocs/gcc/Warning-Options.html#index-Wunused-variable-Wunused-variable]8;;[m[K]
[0.556s]   110 |     float [01;35m[KfrontRight[m[K = sonars[4];
[0.556s]       |           [01;35m[K^~~~~~~~~~[m[K
[0.556s] [01m[K/home/eb/ros2_ws/src/tp1/src/Action.cpp:113:11:[m[K [01;35m[Kwarning: [m[Kunused variable â€˜[01m[KsideRight[m[Kâ€™ [[01;35m[K]8;;https://gcc.gnu.org/onlinedocs/gcc/Warning-Options.html#index-Wunused-variable-Wunused-variable]8;;[m[K]
[0.556s]   113 |     float [01;35m[KsideRight[m[K = (sonars[6] + sonars[7]) / 2.0;
[0.556s]       |           [01;35m[K^~~~~~~~~[m[K
[0.556s] [01m[K/home/eb/ros2_ws/src/tp1/src/Action.cpp:100:65:[m[K [01;35m[Kwarning: [m[Kunused parameter â€˜[01m[Klasers[m[Kâ€™ [[01;35m[K]8;;https://gcc.gnu.org/onlinedocs/gcc/Warning-Options.html#index-Wunused-parameter-Wunused-parameter]8;;[m[K]
[0.556s]   100 |  Action::keepAsCloseAsPossibleToTheWalls([01;35m[Kstd::vector<float> lasers[m[K, std::vector<float> sonars)
[0.556s]       |                                          [01;35m[K~~~~~~~~~~~~~~~~~~~^~~~~~[m[K
[0.556s] 
[0.557s] [01m[K/home/eb/ros2_ws/src/tp1/src/Action.cpp:[m[K In member function â€˜[01m[Kvoid Action::navigateWithHarmonicField()[m[Kâ€™:
[0.557s] [01m[K/home/eb/ros2_ws/src/tp1/src/Action.cpp:254:15:[m[K [01;35m[Kwarning: [m[Kunused variable â€˜[01m[KroboX[m[Kâ€™ [[01;35m[K]8;;https://gcc.gnu.org/onlinedocs/gcc/Warning-Options.html#index-Wunused-variable-Wunused-variable]8;;[m[K]
[0.557s]   254 |         float [01;35m[KroboX[m[K = pose[0]; // PosiÃ§Ã£o X do robÃ´
[0.557s]       |               [01;35m[K^~~~~[m[K
[0.557s] [01m[K/home/eb/ros2_ws/src/tp1/src/Action.cpp:255:15:[m[K [01;35m[Kwarning: [m[Kunused variable â€˜[01m[KroboY[m[Kâ€™ [[01;35m[K]8;;https://gcc.gnu.org/onlinedocs/gcc/Warning-Options.html#index-Wunused-variable-Wunused-variable]8;;[m[K]
[0.557s]   255 |         float [01;35m[KroboY[m[K = pose[1]; // PosiÃ§Ã£o Y do robÃ´
[0.557s]       |               [01;35m[K^~~~~[m[K
[0.557s] [01m[K/home/eb/ros2_ws/src/tp1/src/Action.cpp:256:15:[m[K [01;35m[Kwarning: [m[Kunused variable â€˜[01m[KroboTheta[m[Kâ€™ [[01;35m[K]8;;https://gcc.gnu.org/onlinedocs/gcc/Warning-Options.html#index-Wunused-variable-Wunused-variable]8;;[m[K]
[0.558s]   256 |         float [01;35m[KroboTheta[m[K = pose[2]; // Ã‚ngulo do robÃ´
[0.558s]       |               [01;35m[K^~~~~~~~~[m[K
[0.682s] gmake[1]: *** [CMakeFiles/Makefile2:137: CMakeFiles/navigation.dir/all] Erro 2
[0.682s] gmake: *** [Makefile:146: all] Erro 2
[0.683s] Invoked command in '/home/eb/ros2_ws/build/tp1' returned '2': CMAKE_PREFIX_PATH=${CMAKE_PREFIX_PATH}:/opt/ros/humble /usr/bin/cmake --build /home/eb/ros2_ws/build/tp1 -- -j12 -l12
