[0.009s] Invoking command in '/home/eb/ros2_ws/build/tp1': CMAKE_PREFIX_PATH=${CMAKE_PREFIX_PATH}:/opt/ros/humble /usr/bin/cmake --build /home/eb/ros2_ws/build/tp1 -- -j12 -l12
[0.042s] [35m[1mConsolidate compiler generated dependencies of target navigation[0m
[0.058s] [ 14%] [32mBuilding CXX object CMakeFiles/navigation.dir/src/Action.cpp.o[0m
[0.058s] [ 28%] [32mBuilding CXX object CMakeFiles/navigation.dir/src/HimmMap.cpp.o[0m
[0.584s] [01m[K/home/eb/ros2_ws/src/tp1/src/Action.cpp:[m[K In member function â€˜[01m[Kvoid Action::avoidObstacles(std::vector<float>, std::vector<float>)[m[Kâ€™:
[0.584s] [01m[K/home/eb/ros2_ws/src/tp1/src/Action.cpp:19:54:[m[K [01;35m[Kwarning: [m[Kunused parameter â€˜[01m[Klasers[m[Kâ€™ [[01;35m[K]8;;https://gcc.gnu.org/onlinedocs/gcc/Warning-Options.html#index-Wunused-parameter-Wunused-parameter]8;;[m[K]
[0.584s]    19 | void Action::avoidObstacles([01;35m[Kconst std::vector<float> lasers[m[K, const std::vector<float> sonars)
[0.584s]       |                             [01;35m[K~~~~~~~~~~~~~~~~~~~~~~~~~^~~~~~[m[K
[0.585s] [01m[K/home/eb/ros2_ws/src/tp1/src/Action.cpp:[m[K In member function â€˜[01m[Kvoid Action::keepAsFarthestAsPossibleFromWalls(std::vector<float>, std::vector<float>)[m[Kâ€™:
[0.585s] [01m[K/home/eb/ros2_ws/src/tp1/src/Action.cpp:56:67:[m[K [01;35m[Kwarning: [m[Kunused parameter â€˜[01m[Klasers[m[Kâ€™ [[01;35m[K]8;;https://gcc.gnu.org/onlinedocs/gcc/Warning-Options.html#index-Wunused-parameter-Wunused-parameter]8;;[m[K]
[0.585s]    56 | ction::keepAsFarthestAsPossibleFromWalls([01;35m[Kstd::vector<float> lasers[m[K, std::vector<float> sonars)
[0.585s]       |                                          [01;35m[K~~~~~~~~~~~~~~~~~~~^~~~~~[m[K
[0.585s] 
[0.585s] [01m[K/home/eb/ros2_ws/src/tp1/src/Action.cpp:[m[K In member function â€˜[01m[Kvoid Action::keepAsCloseAsPossibleToTheWalls(std::vector<float>, std::vector<float>)[m[Kâ€™:
[0.585s] [01m[K/home/eb/ros2_ws/src/tp1/src/Action.cpp:110:11:[m[K [01;35m[Kwarning: [m[Kunused variable â€˜[01m[KfrontRight[m[Kâ€™ [[01;35m[K]8;;https://gcc.gnu.org/onlinedocs/gcc/Warning-Options.html#index-Wunused-variable-Wunused-variable]8;;[m[K]
[0.585s]   110 |     float [01;35m[KfrontRight[m[K = sonars[4];
[0.586s]       |           [01;35m[K^~~~~~~~~~[m[K
[0.586s] [01m[K/home/eb/ros2_ws/src/tp1/src/Action.cpp:113:11:[m[K [01;35m[Kwarning: [m[Kunused variable â€˜[01m[KsideRight[m[Kâ€™ [[01;35m[K]8;;https://gcc.gnu.org/onlinedocs/gcc/Warning-Options.html#index-Wunused-variable-Wunused-variable]8;;[m[K]
[0.586s]   113 |     float [01;35m[KsideRight[m[K = (sonars[6] + sonars[7]) / 2.0;
[0.586s]       |           [01;35m[K^~~~~~~~~[m[K
[0.586s] [01m[K/home/eb/ros2_ws/src/tp1/src/Action.cpp:100:65:[m[K [01;35m[Kwarning: [m[Kunused parameter â€˜[01m[Klasers[m[Kâ€™ [[01;35m[K]8;;https://gcc.gnu.org/onlinedocs/gcc/Warning-Options.html#index-Wunused-parameter-Wunused-parameter]8;;[m[K]
[0.586s]   100 |  Action::keepAsCloseAsPossibleToTheWalls([01;35m[Kstd::vector<float> lasers[m[K, std::vector<float> sonars)
[0.586s]       |                                          [01;35m[K~~~~~~~~~~~~~~~~~~~^~~~~~[m[K
[0.586s] 
[0.587s] [01m[K/home/eb/ros2_ws/src/tp1/src/Action.cpp:[m[K In member function â€˜[01m[Kvoid Action::navigateWithHarmonicField()[m[Kâ€™:
[0.587s] [01m[K/home/eb/ros2_ws/src/tp1/src/Action.cpp:247:23:[m[K [01;31m[Kerror: [m[Kâ€˜[01m[Kclass HarmonicField[m[Kâ€™ has no member named â€˜[01m[KupdateHIMM[m[Kâ€™
[0.587s]   247 |             harmonic_.[01;31m[KupdateHIMM[m[K(roboPosicao.x, roboPosicao.y, roboPosicao.theta, sonars[i]);
[0.587s]       |                       [01;31m[K^~~~~~~~~~[m[K
[0.590s] [01m[K/home/eb/ros2_ws/src/tp1/src/Action.cpp:247:34:[m[K [01;31m[Kerror: [m[Kâ€˜[01m[KroboPosicao[m[Kâ€™ was not declared in this scope
[0.590s]   247 |             harmonic_.updateHIMM([01;31m[KroboPosicao[m[K.x, roboPosicao.y, roboPosicao.theta, sonars[i]);
[0.590s]       |                                  [01;31m[K^~~~~~~~~~~[m[K
[0.591s] [01m[K/home/eb/ros2_ws/src/tp1/src/Action.cpp:275:24:[m[K [01;31m[Kerror: [m[Kredeclaration of â€˜[01m[Kstd::vector<float> sonars[m[Kâ€™
[0.591s]   275 |     std::vector<float> [01;31m[Ksonars[m[K = perception_->getLatestSonarRanges();
[0.591s]       |                        [01;31m[K^~~~~~[m[K
[0.591s] [01m[K/home/eb/ros2_ws/src/tp1/src/Action.cpp:241:24:[m[K [01;36m[Knote: [m[Kâ€˜[01m[Kstd::vector<float> sonars[m[Kâ€™ previously declared here
[0.591s]   241 |     std::vector<float> [01;36m[Ksonars[m[K = perception_->getLatestSonarRanges();
[0.591s]       |                        [01;36m[K^~~~~~[m[K
[0.681s] gmake[2]: *** [CMakeFiles/navigation.dir/build.make:90: CMakeFiles/navigation.dir/src/Action.cpp.o] Erro 1
[0.682s] gmake[1]: *** [CMakeFiles/Makefile2:137: CMakeFiles/navigation.dir/all] Erro 2
[0.682s] gmake: *** [Makefile:146: all] Erro 2
[0.683s] Invoked command in '/home/eb/ros2_ws/build/tp1' returned '2': CMAKE_PREFIX_PATH=${CMAKE_PREFIX_PATH}:/opt/ros/humble /usr/bin/cmake --build /home/eb/ros2_ws/build/tp1 -- -j12 -l12
