[0.009s] Invoking command in '/home/eb/ros2_ws/build/tp1': CMAKE_PREFIX_PATH=${CMAKE_PREFIX_PATH}:/opt/ros/humble /usr/bin/cmake --build /home/eb/ros2_ws/build/tp1 -- -j12 -l12
[0.026s] -- Found ament_cmake: 1.3.11 (/opt/ros/humble/share/ament_cmake/cmake)
[0.123s] -- Found nav_msgs: 4.8.0 (/opt/ros/humble/share/nav_msgs/cmake)
[0.141s] -- Found rosidl_generator_c: 3.1.6 (/opt/ros/humble/share/rosidl_generator_c/cmake)
[0.143s] -- Found rosidl_adapter: 3.1.6 (/opt/ros/humble/share/rosidl_adapter/cmake)
[0.147s] -- Found rosidl_generator_cpp: 3.1.6 (/opt/ros/humble/share/rosidl_generator_cpp/cmake)
[0.155s] -- Using all available rosidl_typesupport_c: rosidl_typesupport_fastrtps_c;rosidl_typesupport_introspection_c
[0.164s] -- Using all available rosidl_typesupport_cpp: rosidl_typesupport_fastrtps_cpp;rosidl_typesupport_introspection_cpp
[0.208s] -- Found tf2: 0.25.13 (/opt/ros/humble/share/tf2/cmake)
[0.210s] -- Found tf2_geometry_msgs: 0.25.13 (/opt/ros/humble/share/tf2_geometry_msgs/cmake)
[0.213s] -- Found eigen3_cmake_module: 0.1.1 (/opt/ros/humble/share/eigen3_cmake_module/cmake)
[0.214s] -- Ensuring Eigen3 include directory is part of orocos-kdl CMake target
[0.250s] -- Found rmw_implementation_cmake: 6.1.2 (/opt/ros/humble/share/rmw_implementation_cmake/cmake)
[0.251s] -- Found rmw_fastrtps_cpp: 6.2.7 (/opt/ros/humble/share/rmw_fastrtps_cpp/cmake)
[0.317s] -- Using RMW implementation 'rmw_fastrtps_cpp' as default
[0.396s] -- Found sensor_msgs: 4.8.0 (/opt/ros/humble/share/sensor_msgs/cmake)
[0.410s] [33mCMake Warning (dev) at /usr/share/cmake-3.22/Modules/FindOpenGL.cmake:315 (message):
[0.410s]   Policy CMP0072 is not set: FindOpenGL prefers GLVND by default when
[0.410s]   available.  Run "cmake --help-policy CMP0072" for policy details.  Use the
[0.410s]   cmake_policy command to set the policy and suppress this warning.
[0.410s] 
[0.410s]   FindOpenGL found both a legacy GL library:
[0.410s] 
[0.411s]     OPENGL_gl_LIBRARY: /usr/lib/x86_64-linux-gnu/libGL.so
[0.411s] 
[0.411s]   and GLVND libraries for OpenGL and GLX:
[0.411s] 
[0.411s]     OPENGL_opengl_LIBRARY: /usr/lib/x86_64-linux-gnu/libOpenGL.so
[0.411s]     OPENGL_glx_LIBRARY: /usr/lib/x86_64-linux-gnu/libGLX.so
[0.411s] 
[0.411s]   OpenGL_GL_PREFERENCE has not been set to "GLVND" or "LEGACY", so for
[0.411s]   compatibility with CMake 3.10 and below the legacy GL library will be used.
[0.411s] Call Stack (most recent call first):
[0.411s]   CMakeLists.txt:18 (find_package)
[0.411s] This warning is for project developers.  Use -Wno-dev to suppress it.
[0.411s] [0m
[0.415s] -- Checking for module 'glut'
[0.416s] --   No package 'glut' found
[0.418s] -- Found ament_lint_auto: 0.12.12 (/opt/ros/humble/share/ament_lint_auto/cmake)
[0.470s] -- Added test 'cppcheck' to perform static code analysis on C / C++ code
[0.470s] -- Configured cppcheck include dirs: $<BUILD_INTERFACE:/home/eb/ros2_ws/src/tp1/include>
[0.471s] -- Configured cppcheck exclude dirs and/or files: 
[0.471s] -- Added test 'flake8' to check Python code syntax and style conventions
[0.471s] -- Added test 'lint_cmake' to check CMake code style
[0.471s] -- Added test 'pep257' to check Python code against some of the docstring style conventions in PEP 257
[0.472s] -- Added test 'uncrustify' to check C / C++ code style
[0.472s] -- Configured uncrustify additional arguments: 
[0.472s] -- Added test 'xmllint' to check XML markup files
[0.473s] -- Configuring done
[0.482s] -- Generating done
[0.486s] -- Build files have been written to: /home/eb/ros2_ws/build/tp1
[0.505s] [35m[1mConsolidate compiler generated dependencies of target navigation[0m
[0.521s] [ 28%] [32mBuilding CXX object CMakeFiles/navigation.dir/src/main.cpp.o[0m
[0.521s] [ 28%] [32mBuilding CXX object CMakeFiles/navigation.dir/src/Action.cpp.o[0m
[0.521s] [ 42%] [32mBuilding CXX object CMakeFiles/navigation.dir/src/Perception.cpp.o[0m
[0.521s] [ 71%] [32mBuilding CXX object CMakeFiles/navigation.dir/src/HimmMap.cpp.o[0m
[0.521s] [ 71%] [32mBuilding CXX object CMakeFiles/navigation.dir/src/HarmonicField.cpp.o[0m
[0.659s] [01m[K/home/eb/ros2_ws/src/tp1/src/HarmonicField.cpp:[m[K In member function â€˜[01m[Kvoid HarmonicField::initializeFromHimm(const HimmMap&)[m[Kâ€™:
[0.659s] [01m[K/home/eb/ros2_ws/src/tp1/src/HarmonicField.cpp:17:29:[m[K [01;31m[Kerror: [m[Kâ€˜[01m[Kconst class HimmMap[m[Kâ€™ has no member named â€˜[01m[KgetCell[m[Kâ€™
[0.659s]    17 |             int value = map.[01;31m[KgetCell[m[K(x, y);
[0.660s]       |                             [01;31m[K^~~~~~~[m[K
[0.711s] gmake[2]: *** [CMakeFiles/navigation.dir/build.make:146: CMakeFiles/navigation.dir/src/HarmonicField.cpp.o] Erro 1
[0.711s] gmake[2]: ** Esperando que outros processos terminem.
[0.808s] [01m[K/home/eb/ros2_ws/src/tp1/src/Action.cpp:[m[K In member function â€˜[01m[Kvoid Action::avoidObstacles(std::vector<float>, std::vector<float>)[m[Kâ€™:
[0.808s] [01m[K/home/eb/ros2_ws/src/tp1/src/Action.cpp:11:54:[m[K [01;35m[Kwarning: [m[Kunused parameter â€˜[01m[Klasers[m[Kâ€™ [[01;35m[K]8;;https://gcc.gnu.org/onlinedocs/gcc/Warning-Options.html#index-Wunused-parameter-Wunused-parameter]8;;[m[K]
[0.809s]    11 | void Action::avoidObstacles([01;35m[Kconst std::vector<float> lasers[m[K, const std::vector<float> sonars)
[0.809s]       |                             [01;35m[K~~~~~~~~~~~~~~~~~~~~~~~~~^~~~~~[m[K
[0.809s] [01m[K/home/eb/ros2_ws/src/tp1/src/Action.cpp:[m[K In member function â€˜[01m[Kvoid Action::keepAsFarthestAsPossibleFromWalls(std::vector<float>, std::vector<float>)[m[Kâ€™:
[0.809s] [01m[K/home/eb/ros2_ws/src/tp1/src/Action.cpp:50:67:[m[K [01;35m[Kwarning: [m[Kunused parameter â€˜[01m[Klasers[m[Kâ€™ [[01;35m[K]8;;https://gcc.gnu.org/onlinedocs/gcc/Warning-Options.html#index-Wunused-parameter-Wunused-parameter]8;;[m[K]
[0.809s]    50 | void Action::keepAsFarthestAsPossibleFromWalls([01;35m[Kstd::vector<float> lasers[m[K, std::vector<float> sonars)
[0.809s]       |                                                [01;35m[K~~~~~~~~~~~~~~~~~~~^~~~~~[m[K
[0.810s] [01m[K/home/eb/ros2_ws/src/tp1/src/Action.cpp:[m[K In member function â€˜[01m[Kvoid Action::keepAsCloseAsPossibleToTheWalls(std::vector<float>, std::vector<float>)[m[Kâ€™:
[0.810s] [01m[K/home/eb/ros2_ws/src/tp1/src/Action.cpp:107:11:[m[K [01;35m[Kwarning: [m[Kunused variable â€˜[01m[KfrontRight[m[Kâ€™ [[01;35m[K]8;;https://gcc.gnu.org/onlinedocs/gcc/Warning-Options.html#index-Wunused-variable-Wunused-variable]8;;[m[K]
[0.810s]   107 |     float [01;35m[KfrontRight[m[K = sonars[4];
[0.810s]       |           [01;35m[K^~~~~~~~~~[m[K
[0.810s] [01m[K/home/eb/ros2_ws/src/tp1/src/Action.cpp:110:11:[m[K [01;35m[Kwarning: [m[Kunused variable â€˜[01m[KsideRight[m[Kâ€™ [[01;35m[K]8;;https://gcc.gnu.org/onlinedocs/gcc/Warning-Options.html#index-Wunused-variable-Wunused-variable]8;;[m[K]
[0.810s]   110 |     float [01;35m[KsideRight[m[K = (sonars[6] + sonars[7]) / 2.0;
[0.810s]       |           [01;35m[K^~~~~~~~~[m[K
[0.810s] [01m[K/home/eb/ros2_ws/src/tp1/src/Action.cpp:97:65:[m[K [01;35m[Kwarning: [m[Kunused parameter â€˜[01m[Klasers[m[Kâ€™ [[01;35m[K]8;;https://gcc.gnu.org/onlinedocs/gcc/Warning-Options.html#index-Wunused-parameter-Wunused-parameter]8;;[m[K]
[0.810s]    97 | void Action::keepAsCloseAsPossibleToTheWalls([01;35m[Kstd::vector<float> lasers[m[K, std::vector<float> sonars)
[0.810s]       |                                              [01;35m[K~~~~~~~~~~~~~~~~~~~^~~~~~[m[K
[2.557s] [01m[K/home/eb/ros2_ws/src/tp1/src/Perception.cpp:[m[K In member function â€˜[01m[Kstd::vector<float, std::allocator<float> > Perception::getLatestSonarRanges()[m[Kâ€™:
[2.557s] [01m[K/home/eb/ros2_ws/src/tp1/src/Perception.cpp:169:9:[m[K [01;35m[Kwarning: [m[Kunused variable â€˜[01m[Knumbytes[m[Kâ€™ [[01;35m[K]8;;https://gcc.gnu.org/onlinedocs/gcc/Warning-Options.html#index-Wunused-variable-Wunused-variable]8;;[m[K]
[2.557s]   169 |     int [01;35m[Knumbytes[m[K = sonarROS.data.size();
[2.557s]       |         [01;35m[K^~~~~~~~[m[K
[2.557s] [01m[K/home/eb/ros2_ws/src/tp1/src/Perception.cpp:170:9:[m[K [01;35m[Kwarning: [m[Kunused variable â€˜[01m[Knumfields[m[Kâ€™ [[01;35m[K]8;;https://gcc.gnu.org/onlinedocs/gcc/Warning-Options.html#index-Wunused-variable-Wunused-variable]8;;[m[K]
[2.557s]   170 |     int [01;35m[Knumfields[m[K = sonarROS.fields.size();
[2.557s]       |         [01;35m[K^~~~~~~~~[m[K
[2.592s] [01m[K/home/eb/ros2_ws/src/tp1/src/main.cpp:[m[K In function â€˜[01m[Kvoid* keyboardThreadFunction(void*)[m[Kâ€™:
[2.592s] [01m[K/home/eb/ros2_ws/src/tp1/src/main.cpp:104:36:[m[K [01;35m[Kwarning: [m[Kunused parameter â€˜[01m[Karg[m[Kâ€™ [[01;35m[K]8;;https://gcc.gnu.org/onlinedocs/gcc/Warning-Options.html#index-Wunused-parameter-Wunused-parameter]8;;[m[K]
[2.592s]   104 | void *keyboardThreadFunction([01;35m[Kvoid *arg[m[K)
[2.592s]       |                              [01;35m[K~~~~~~^~~[m[K
[2.595s] [01m[K/home/eb/ros2_ws/src/tp1/src/main.cpp:[m[K In function â€˜[01m[Kvoid* mainThreadFunction(void*)[m[Kâ€™:
[2.595s] [01m[K/home/eb/ros2_ws/src/tp1/src/main.cpp:118:32:[m[K [01;35m[Kwarning: [m[Kunused parameter â€˜[01m[Karg[m[Kâ€™ [[01;35m[K]8;;https://gcc.gnu.org/onlinedocs/gcc/Warning-Options.html#index-Wunused-parameter-Wunused-parameter]8;;[m[K]
[2.595s]   118 | void *mainThreadFunction([01;35m[Kvoid *arg[m[K)
[2.595s]       |                          [01;35m[K~~~~~~^~~[m[K
[2.596s] [01m[K/home/eb/ros2_ws/src/tp1/src/main.cpp:[m[K In function â€˜[01m[Kvoid* glThreadFunction(void*)[m[Kâ€™:
[2.596s] [01m[K/home/eb/ros2_ws/src/tp1/src/main.cpp:132:30:[m[K [01;35m[Kwarning: [m[Kunused parameter â€˜[01m[Karg[m[Kâ€™ [[01;35m[K]8;;https://gcc.gnu.org/onlinedocs/gcc/Warning-Options.html#index-Wunused-parameter-Wunused-parameter]8;;[m[K]
[2.596s]   132 | void *glThreadFunction([01;35m[Kvoid *arg[m[K)
[2.596s]       |                        [01;35m[K~~~~~~^~~[m[K
[11.608s] gmake[1]: *** [CMakeFiles/Makefile2:137: CMakeFiles/navigation.dir/all] Erro 2
[11.608s] gmake: *** [Makefile:146: all] Erro 2
[11.609s] Invoked command in '/home/eb/ros2_ws/build/tp1' returned '2': CMAKE_PREFIX_PATH=${CMAKE_PREFIX_PATH}:/opt/ros/humble /usr/bin/cmake --build /home/eb/ros2_ws/build/tp1 -- -j12 -l12
