[ 12%] [32mBuilding CXX object CMakeFiles/navigation.dir/src/Graph.cpp.o[0m
[01m[K/home/eb/ros2_ws/src/tp1/src/Graph.cpp:[m[K In function â€˜[01m[Kvoid* graphicsThreadFunction(void*)[m[Kâ€™:
[01m[K/home/eb/ros2_ws/src/tp1/src/Graph.cpp:237:9:[m[K [01;31m[Kerror: [m[Kâ€˜[01m[KdesenhaSensores[m[Kâ€™ was not declared in this scope
  237 |         [01;31m[KdesenhaSensores[m[K(posRobo);
      |         [01;31m[K^~~~~~~~~~~~~~~[m[K
[01m[K/home/eb/ros2_ws/src/tp1/src/Graph.cpp:203:36:[m[K [01;35m[Kwarning: [m[Kunused parameter â€˜[01m[Karg[m[Kâ€™ [[01;35m[K]8;;https://gcc.gnu.org/onlinedocs/gcc/Warning-Options.html#index-Wunused-parameter-Wunused-parameter]8;;[m[K]
  203 | void* graphicsThreadFunction([01;35m[Kvoid* arg[m[K) {
      |                              [01;35m[K~~~~~~^~~[m[K
gmake[2]: *** [CMakeFiles/navigation.dir/build.make:132: CMakeFiles/navigation.dir/src/Graph.cpp.o] Erro 1
gmake[1]: *** [CMakeFiles/Makefile2:137: CMakeFiles/navigation.dir/all] Erro 2
gmake: *** [Makefile:146: all] Erro 2
