[0.018s] Invoking command in '/home/eb/ros2_ws/build/tp1': CMAKE_PREFIX_PATH=${CMAKE_PREFIX_PATH}:/opt/ros/humble /usr/bin/cmake --build /home/eb/ros2_ws/build/tp1 -- -j12 -l12
[0.091s] [ 12%] [32mBuilding CXX object CMakeFiles/navigation.dir/src/Graph.cpp.o[0m
[0.677s] [01m[K/home/eb/ros2_ws/src/tp1/src/Graph.cpp:[m[K In function â€˜[01m[Kvoid* graphicsThreadFunction(void*)[m[Kâ€™:
[0.677s] [01m[K/home/eb/ros2_ws/src/tp1/src/Graph.cpp:237:9:[m[K [01;31m[Kerror: [m[Kâ€˜[01m[KdesenhaSensores[m[Kâ€™ was not declared in this scope
[0.677s]   237 |         [01;31m[KdesenhaSensores[m[K(posRobo);
[0.677s]       |         [01;31m[K^~~~~~~~~~~~~~~[m[K
[0.677s] [01m[K/home/eb/ros2_ws/src/tp1/src/Graph.cpp:203:36:[m[K [01;35m[Kwarning: [m[Kunused parameter â€˜[01m[Karg[m[Kâ€™ [[01;35m[K]8;;https://gcc.gnu.org/onlinedocs/gcc/Warning-Options.html#index-Wunused-parameter-Wunused-parameter]8;;[m[K]
[0.677s]   203 | void* graphicsThreadFunction([01;35m[Kvoid* arg[m[K) {
[0.677s]       |                              [01;35m[K~~~~~~^~~[m[K
[0.775s] gmake[2]: *** [CMakeFiles/navigation.dir/build.make:132: CMakeFiles/navigation.dir/src/Graph.cpp.o] Erro 1
[0.776s] gmake[1]: *** [CMakeFiles/Makefile2:137: CMakeFiles/navigation.dir/all] Erro 2
[0.776s] gmake: *** [Makefile:146: all] Erro 2
[0.780s] Invoked command in '/home/eb/ros2_ws/build/tp1' returned '2': CMAKE_PREFIX_PATH=${CMAKE_PREFIX_PATH}:/opt/ros/humble /usr/bin/cmake --build /home/eb/ros2_ws/build/tp1 -- -j12 -l12
